<?xml version="1.0" encoding="UTF-8"?>
<testsuite name="GivenWhiteBox" tests="1" skipped="0" failures="0" errors="0" timestamp="2019-11-05T04:08:41" hostname="DESKTOP-D918AFC" time="0.001">
  <properties/>
  <testcase name="noCurvingTwoStudents" classname="GivenWhiteBox" time="0.001"/>
  <system-out><![CDATA[]]></system-out>
  <system-err><![CDATA[]]></system-err>
</testsuite>
